#-----------------------------------------------------------
# Vivado v2018.3 (64-bit)
# SW Build 2405991 on Thu Dec  6 23:36:41 MST 2018
# IP Build 2404404 on Fri Dec  7 01:43:56 MST 2018
# Start of session at: Sat Oct  3 14:04:02 2020
# Process ID: 2867
# Current directory: /home/ukallakuri/hardware_design/designs/direct_mapped_cache
# Command line: vivado
# Log file: /home/ukallakuri/hardware_design/designs/direct_mapped_cache/vivado.log
# Journal file: /home/ukallakuri/hardware_design/designs/direct_mapped_cache/vivado.jou
#-----------------------------------------------------------
start_gui
open_project /home/ukallakuri/hardware_design/designs/direct_mapped_cache/DMC_behavioural/DMC_behavioural.xpr
Scanning sources...
Finished scanning sources
INFO: [IP_Flow 19-234] Refreshing IP repositories
INFO: [IP_Flow 19-1704] No user IP repositories specified
INFO: [IP_Flow 19-2313] Loaded Vivado IP repository '/tools/Xilinx/Vivado/2018.3/data/ip'.
update_compile_order -fileset sources_1
reset_run synth_1
launch_runs impl_1 -jobs 2
[Sat Oct  3 14:06:51 2020] Launched synth_1...
Run output will be captured here: /home/ukallakuri/hardware_design/designs/direct_mapped_cache/DMC_behavioural/DMC_behavioural.runs/synth_1/runme.log
[Sat Oct  3 14:06:51 2020] Launched impl_1...
Run output will be captured here: /home/ukallakuri/hardware_design/designs/direct_mapped_cache/DMC_behavioural/DMC_behavioural.runs/impl_1/runme.log
open_run impl_1
INFO: [Netlist 29-17] Analyzing 57 Unisim elements for replacement
INFO: [Netlist 29-28] Unisim Transformation completed in 0 CPU seconds
INFO: [Project 1-479] Netlist was created with Vivado 2018.3
INFO: [Device 21-403] Loading part xc7a100tcsg324-1
INFO: [Project 1-570] Preparing netlist for logic optimization
INFO: [Timing 38-478] Restoring timing data from binary archive.
INFO: [Timing 38-479] Binary timing data restore complete.
INFO: [Project 1-856] Restoring constraints from binary archive.
INFO: [Project 1-853] Binary constraint restore complete.
Reading XDEF placement.
Reading placer database...
Reading XDEF routing.
Read XDEF File: Time (s): cpu = 00:00:00.06 ; elapsed = 00:00:00.04 . Memory (MB): peak = 7129.762 ; gain = 1.000 ; free physical = 2544 ; free virtual = 6584
Restored from archive | CPU: 0.060000 secs | Memory: 3.901466 MB |
Finished XDEF File Restore: Time (s): cpu = 00:00:00.06 ; elapsed = 00:00:00.04 . Memory (MB): peak = 7129.762 ; gain = 1.000 ; free physical = 2544 ; free virtual = 6584
Netlist sorting complete. Time (s): cpu = 00:00:00 ; elapsed = 00:00:00 . Memory (MB): peak = 7131.762 ; gain = 0.000 ; free physical = 2542 ; free virtual = 6582
INFO: [Project 1-111] Unisim Transformation Summary:
  A total of 8 instances were transformed.
  IOBUF => IOBUF (IBUF, OBUFT): 8 instances

open_run: Time (s): cpu = 00:00:17 ; elapsed = 00:00:12 . Memory (MB): peak = 7280.617 ; gain = 861.289 ; free physical = 2448 ; free virtual = 6491
report_timing_summary -delay_type min_max -report_unconstrained -check_timing_verbose -max_paths 10 -input_pins -routable_nets -name timing_1
INFO: [Timing 38-91] UpdateTimingParams: Speed grade: -1, Delay Type: min_max.
INFO: [Timing 38-191] Multithreading enabled for timing update using a maximum of 4 CPUs
close_design
reset_run synth_1
launch_runs impl_1 -jobs 2
[Sat Oct  3 14:09:56 2020] Launched synth_1...
Run output will be captured here: /home/ukallakuri/hardware_design/designs/direct_mapped_cache/DMC_behavioural/DMC_behavioural.runs/synth_1/runme.log
[Sat Oct  3 14:09:56 2020] Launched impl_1...
Run output will be captured here: /home/ukallakuri/hardware_design/designs/direct_mapped_cache/DMC_behavioural/DMC_behavioural.runs/impl_1/runme.log
open_run impl_1
INFO: [Netlist 29-17] Analyzing 57 Unisim elements for replacement
INFO: [Netlist 29-28] Unisim Transformation completed in 0 CPU seconds
INFO: [Project 1-479] Netlist was created with Vivado 2018.3
INFO: [Project 1-570] Preparing netlist for logic optimization
INFO: [Timing 38-478] Restoring timing data from binary archive.
INFO: [Timing 38-479] Binary timing data restore complete.
INFO: [Project 1-856] Restoring constraints from binary archive.
INFO: [Project 1-853] Binary constraint restore complete.
Reading XDEF placement.
Reading placer database...
Reading XDEF routing.
Read XDEF File: Time (s): cpu = 00:00:00.03 ; elapsed = 00:00:00.04 . Memory (MB): peak = 7280.617 ; gain = 0.000 ; free physical = 2272 ; free virtual = 6355
Restored from archive | CPU: 0.030000 secs | Memory: 0.634201 MB |
Finished XDEF File Restore: Time (s): cpu = 00:00:00.03 ; elapsed = 00:00:00.04 . Memory (MB): peak = 7280.617 ; gain = 0.000 ; free physical = 2272 ; free virtual = 6355
Netlist sorting complete. Time (s): cpu = 00:00:00 ; elapsed = 00:00:00 . Memory (MB): peak = 7280.617 ; gain = 0.000 ; free physical = 2273 ; free virtual = 6356
INFO: [Project 1-111] Unisim Transformation Summary:
  A total of 8 instances were transformed.
  IOBUF => IOBUF (IBUF, OBUFT): 8 instances

report_timing_summary -delay_type min_max -report_unconstrained -check_timing_verbose -max_paths 10 -input_pins -routable_nets -name timing_1
INFO: [Timing 38-35] Done setting XDC timing constraints.
INFO: [Timing 38-91] UpdateTimingParams: Speed grade: -1, Delay Type: min_max.
INFO: [Timing 38-191] Multithreading enabled for timing update using a maximum of 4 CPUs
report_timing_summary -delay_type min_max -report_unconstrained -check_timing_verbose -max_paths 10 -input_pins -routable_nets -name timing_1
INFO: [Timing 38-35] Done setting XDC timing constraints.
INFO: [Timing 38-91] UpdateTimingParams: Speed grade: -1, Delay Type: min_max.
INFO: [Timing 38-191] Multithreading enabled for timing update using a maximum of 4 CPUs
report_timing_summary -delay_type min_max -report_unconstrained -check_timing_verbose -max_paths 10 -input_pins -routable_nets -name timing_1
INFO: [Timing 38-35] Done setting XDC timing constraints.
INFO: [Timing 38-91] UpdateTimingParams: Speed grade: -1, Delay Type: min_max.
INFO: [Timing 38-191] Multithreading enabled for timing update using a maximum of 4 CPUs
close_design
close_project
