INFO: [VRFC 10-2263] Analyzing Verilog file "/home/ukallakuri/hardware_design/designs/direct_mapped_cache/DMC_behavioural/DMC_behavioural.sim/sim_1/impl/timing/xsim/chip_top_tb_time_impl.v" into library xil_defaultlib
INFO: [VRFC 10-311] analyzing module IOBUF_UNIQ_BASE_
INFO: [VRFC 10-311] analyzing module IOBUF_HD29
INFO: [VRFC 10-311] analyzing module IOBUF_HD30
INFO: [VRFC 10-311] analyzing module IOBUF_HD31
INFO: [VRFC 10-311] analyzing module IOBUF_HD32
INFO: [VRFC 10-311] analyzing module IOBUF_HD33
INFO: [VRFC 10-311] analyzing module IOBUF_HD34
INFO: [VRFC 10-311] analyzing module IOBUF_HD35
INFO: [VRFC 10-311] analyzing module chip_top
INFO: [VRFC 10-311] analyzing module memory
INFO: [VRFC 10-311] analyzing module one_b_cell
INFO: [VRFC 10-311] analyzing module one_b_cell_10
INFO: [VRFC 10-311] analyzing module one_b_cell_11
INFO: [VRFC 10-311] analyzing module one_b_cell_12
INFO: [VRFC 10-311] analyzing module one_b_cell_13
INFO: [VRFC 10-311] analyzing module one_b_cell_15
INFO: [VRFC 10-311] analyzing module one_b_cell_16
INFO: [VRFC 10-311] analyzing module one_b_cell_17
INFO: [VRFC 10-311] analyzing module one_b_cell_18
INFO: [VRFC 10-311] analyzing module one_b_cell_20
INFO: [VRFC 10-311] analyzing module one_b_cell_21
INFO: [VRFC 10-311] analyzing module one_b_cell_22
INFO: [VRFC 10-311] analyzing module one_b_cell_23
INFO: [VRFC 10-311] analyzing module one_b_cell_25
INFO: [VRFC 10-311] analyzing module one_b_cell_26
INFO: [VRFC 10-311] analyzing module one_b_cell_27
INFO: [VRFC 10-311] analyzing module one_b_cell_28
INFO: [VRFC 10-311] analyzing module one_b_cell_30
INFO: [VRFC 10-311] analyzing module one_b_cell_31
INFO: [VRFC 10-311] analyzing module one_b_cell_32
INFO: [VRFC 10-311] analyzing module one_b_cell_33
INFO: [VRFC 10-311] analyzing module one_b_cell_35
INFO: [VRFC 10-311] analyzing module one_b_cell_36
INFO: [VRFC 10-311] analyzing module one_b_cell_37
INFO: [VRFC 10-311] analyzing module one_b_cell_38
INFO: [VRFC 10-311] analyzing module one_b_cell_40
INFO: [VRFC 10-311] analyzing module one_b_cell_41
INFO: [VRFC 10-311] analyzing module one_b_cell_42
INFO: [VRFC 10-311] analyzing module one_b_cell_43
INFO: [VRFC 10-311] analyzing module one_b_cell_7
INFO: [VRFC 10-311] analyzing module one_b_cell_8
INFO: [VRFC 10-311] analyzing module one_b_cell_9
INFO: [VRFC 10-311] analyzing module one_row_cells
INFO: [VRFC 10-311] analyzing module one_row_cells_0
INFO: [VRFC 10-311] analyzing module one_row_cells_1
INFO: [VRFC 10-311] analyzing module one_row_cells_2
INFO: [VRFC 10-311] analyzing module one_row_cells_3
INFO: [VRFC 10-311] analyzing module one_row_cells_4
INFO: [VRFC 10-311] analyzing module one_row_cells_5
INFO: [VRFC 10-311] analyzing module one_row_cells_6
INFO: [VRFC 10-311] analyzing module tag_valid
INFO: [VRFC 10-311] analyzing module tag_valid_14
INFO: [VRFC 10-311] analyzing module tag_valid_19
INFO: [VRFC 10-311] analyzing module tag_valid_24
INFO: [VRFC 10-311] analyzing module tag_valid_29
INFO: [VRFC 10-311] analyzing module tag_valid_34
INFO: [VRFC 10-311] analyzing module tag_valid_39
INFO: [VRFC 10-311] analyzing module tag_valid_44
INFO: [VRFC 10-311] analyzing module glbl
INFO: [VRFC 10-2263] Analyzing Verilog file "/home/ukallakuri/hardware_design/designs/direct_mapped_cache/DMC_behavioural/DMC_behavioural.srcs/sim_1/new/chip_top_tb.v" into library xil_defaultlib
INFO: [VRFC 10-311] analyzing module chip_top_tb
