Vivado Simulator 2018.3
Copyright 1986-1999, 2001-2018 Xilinx, Inc. All Rights Reserved.
Running: /tools/Xilinx/Vivado/2018.3/bin/unwrapped/lnx64.o/xelab -wto 85fd66f3e1ac4205b8a1c7b6e706a0e0 --incr --debug typical --relax --mt 8 --maxdelay -L xil_defaultlib -L simprims_ver -L secureip --snapshot chip_top_tb_time_impl -transport_int_delays -pulse_r 0 -pulse_int_r 0 -pulse_e 0 -pulse_int_e 0 xil_defaultlib.chip_top_tb xil_defaultlib.glbl -log elaborate.log 
Using 8 slave threads.
Starting static elaboration
WARNING: [VRFC 10-2861] module 'chip_top' does not have a parameter named DATA_WIDTH [/home/ukallakuri/hardware_design/designs/direct_mapped_cache/DMC_behavioural/DMC_behavioural.srcs/sim_1/new/chip_top_tb.v:43]
Completed static elaboration
Starting simulation data flow analysis
Completed simulation data flow analysis
INFO: [XSIM 43-3451] SDF backannotation process started with SDF file "chip_top_tb_time_impl.sdf", for root module "chip_top_tb/uut".
INFO: [XSIM 43-3452] SDF backannotation was successful for SDF file "chip_top_tb_time_impl.sdf", for root module "chip_top_tb/uut".
Time Resolution for simulation is 1ps
Compiling module simprims_ver.LUT5
Compiling module simprims_ver.x_lut3_mux8
Compiling module simprims_ver.LUT3
Compiling module simprims_ver.LUT4
Compiling module simprims_ver.FDRE(IS_C_INVERTED=1'b1)
Compiling module simprims_ver.OBUF
Compiling module simprims_ver.x_lut2_mux4
Compiling module simprims_ver.LUT2
Compiling module simprims_ver.BUFG
Compiling module simprims_ver.IBUF
Compiling module simprims_ver.LUT6
Compiling module simprims_ver.OBUFT
Compiling module xil_defaultlib.IOBUF_UNIQ_BASE_
Compiling module xil_defaultlib.IOBUF_HD29
Compiling module xil_defaultlib.IOBUF_HD30
Compiling module xil_defaultlib.IOBUF_HD31
Compiling module xil_defaultlib.IOBUF_HD32
Compiling module xil_defaultlib.IOBUF_HD33
Compiling module xil_defaultlib.IOBUF_HD34
Compiling module xil_defaultlib.IOBUF_HD35
Compiling module xil_defaultlib.one_b_cell_40
Compiling module simprims_ver.MUXF8
Compiling module simprims_ver.MUXF7
Compiling module xil_defaultlib.one_b_cell_41
Compiling module xil_defaultlib.one_b_cell_42
Compiling module xil_defaultlib.one_b_cell_43
Compiling module xil_defaultlib.tag_valid_44
Compiling module xil_defaultlib.one_row_cells
Compiling module xil_defaultlib.one_b_cell_35
Compiling module xil_defaultlib.one_b_cell_36
Compiling module xil_defaultlib.one_b_cell_37
Compiling module xil_defaultlib.one_b_cell_38
Compiling module xil_defaultlib.tag_valid_39
Compiling module xil_defaultlib.one_row_cells_0
Compiling module xil_defaultlib.one_b_cell_30
Compiling module xil_defaultlib.one_b_cell_31
Compiling module xil_defaultlib.one_b_cell_32
Compiling module xil_defaultlib.one_b_cell_33
Compiling module xil_defaultlib.tag_valid_34
Compiling module xil_defaultlib.one_row_cells_1
Compiling module xil_defaultlib.one_b_cell_25
Compiling module xil_defaultlib.one_b_cell_26
Compiling module xil_defaultlib.one_b_cell_27
Compiling module xil_defaultlib.one_b_cell_28
Compiling module xil_defaultlib.tag_valid_29
Compiling module xil_defaultlib.one_row_cells_2
Compiling module xil_defaultlib.one_b_cell_20
Compiling module xil_defaultlib.one_b_cell_21
Compiling module xil_defaultlib.one_b_cell_22
Compiling module xil_defaultlib.one_b_cell_23
Compiling module xil_defaultlib.tag_valid_24
Compiling module xil_defaultlib.one_row_cells_3
Compiling module xil_defaultlib.one_b_cell_15
Compiling module xil_defaultlib.one_b_cell_16
Compiling module xil_defaultlib.one_b_cell_17
Compiling module xil_defaultlib.one_b_cell_18
Compiling module xil_defaultlib.tag_valid_19
Compiling module xil_defaultlib.one_row_cells_4
Compiling module xil_defaultlib.one_b_cell_10
Compiling module xil_defaultlib.one_b_cell_11
Compiling module xil_defaultlib.one_b_cell_12
Compiling module xil_defaultlib.one_b_cell_13
Compiling module xil_defaultlib.tag_valid_14
Compiling module xil_defaultlib.one_row_cells_5
Compiling module xil_defaultlib.one_b_cell
Compiling module xil_defaultlib.one_b_cell_7
Compiling module xil_defaultlib.one_b_cell_8
Compiling module xil_defaultlib.one_b_cell_9
Compiling module xil_defaultlib.tag_valid
Compiling module xil_defaultlib.one_row_cells_6
Compiling module xil_defaultlib.memory
Compiling module simprims_ver.x_lut1_mux2
Compiling module simprims_ver.LUT1
Compiling module simprims_ver.FDSE(IS_C_INVERTED=1'b1)
Compiling module xil_defaultlib.chip_top
Compiling module xil_defaultlib.chip_top_tb
Compiling module xil_defaultlib.glbl
Built simulation snapshot chip_top_tb_time_impl
